  good.cpp
c:\users\p$ilent\appdata\roaming\skype\my skype received files\razor\good\AngleAndVectorFunctions.h(97): warning C4244: '=': conversion from 'double' to 'float', possible loss of data
c:\users\p$ilent\appdata\roaming\skype\my skype received files\razor\good\AngleAndVectorFunctions.h(98): warning C4244: '=': conversion from 'double' to 'float', possible loss of data
c:\users\p$ilent\appdata\roaming\skype\my skype received files\razor\good\AngleAndVectorFunctions.h(122): warning C4244: '=': conversion from 'double' to 'float', possible loss of data
c:\users\p$ilent\appdata\roaming\skype\my skype received files\razor\good\AngleAndVectorFunctions.h(123): warning C4244: '=': conversion from 'double' to 'float', possible loss of data
c:\users\p$ilent\appdata\roaming\skype\my skype received files\razor\good\AngleAndVectorFunctions.h(124): warning C4244: '=': conversion from 'double' to 'float', possible loss of data
c:\users\p$ilent\appdata\roaming\skype\my skype received files\razor\good\AngleAndVectorFunctions.h(129): warning C4244: '=': conversion from 'double' to 'float', possible loss of data
c:\users\p$ilent\appdata\roaming\skype\my skype received files\razor\good\AngleAndVectorFunctions.h(130): warning C4244: '=': conversion from 'double' to 'float', possible loss of data
c:\users\p$ilent\appdata\roaming\skype\my skype received files\razor\good\AngleAndVectorFunctions.h(131): warning C4244: '=': conversion from 'double' to 'float', possible loss of data
c:\users\p$ilent\appdata\roaming\skype\my skype received files\razor\good\AngleAndVectorFunctions.h(136): warning C4244: '=': conversion from 'double' to 'float', possible loss of data
c:\users\p$ilent\appdata\roaming\skype\my skype received files\razor\good\AngleAndVectorFunctions.h(137): warning C4244: '=': conversion from 'double' to 'float', possible loss of data
c:\users\p$ilent\appdata\roaming\skype\my skype received files\razor\good\AngleAndVectorFunctions.h(138): warning C4244: '=': conversion from 'double' to 'float', possible loss of data
c:\users\p$ilent\appdata\roaming\skype\my skype received files\razor\good\AngleAndVectorFunctions.h(154): warning C4244: '=': conversion from 'double' to 'float', possible loss of data
c:\users\p$ilent\appdata\roaming\skype\my skype received files\razor\good\AngleAndVectorFunctions.h(159): warning C4244: '=': conversion from 'double' to 'float', possible loss of data
c:\users\p$ilent\appdata\roaming\skype\my skype received files\razor\good\AngleAndVectorFunctions.h(178): warning C4244: '=': conversion from 'double' to 'float', possible loss of data
c:\users\p$ilent\appdata\roaming\skype\my skype received files\razor\good\AngleAndVectorFunctions.h(181): warning C4244: '=': conversion from 'double' to 'float', possible loss of data
c:\users\p$ilent\appdata\roaming\skype\my skype received files\razor\good\Bunnyhop.h(104): warning C4551: function call missing argument list
c:\users\p$ilent\appdata\roaming\skype\my skype received files\razor\good\Aimbot.h(146): warning C4800: 'int': forcing value to bool 'true' or 'false' (performance warning)
c:\users\p$ilent\appdata\roaming\skype\my skype received files\razor\good\Aimbot.h(161): warning C4800: 'int': forcing value to bool 'true' or 'false' (performance warning)
c:\users\p$ilent\appdata\roaming\skype\my skype received files\razor\good\Aimbot.h(168): warning C4800: 'int': forcing value to bool 'true' or 'false' (performance warning)
c:\users\p$ilent\appdata\roaming\skype\my skype received files\razor\good\Aimbot.h(191): warning C4800: 'int': forcing value to bool 'true' or 'false' (performance warning)
c:\users\p$ilent\appdata\roaming\skype\my skype received files\razor\good\Aimbot.h(193): warning C4800: 'int': forcing value to bool 'true' or 'false' (performance warning)
c:\users\p$ilent\appdata\roaming\skype\my skype received files\razor\good\CreateMove.h(82): warning C4035: 'hkCreateMove': no return value
c:\users\p$ilent\appdata\roaming\skype\my skype received files\razor\good\CreateMove.h(87): warning C4800: 'byte': forcing value to bool 'true' or 'false' (performance warning)
c:\users\p$ilent\appdata\roaming\skype\my skype received files\razor\good\DrawingHelper.h(65): warning C4244: '=': conversion from 'int' to 'float', possible loss of data
c:\users\p$ilent\appdata\roaming\skype\my skype received files\razor\good\DrawingHelper.h(66): warning C4244: '=': conversion from 'int' to 'float', possible loss of data
c:\users\p$ilent\appdata\roaming\skype\my skype received files\razor\good\DrawingHelper.h(67): warning C4244: '=': conversion from 'int' to 'float', possible loss of data
c:\users\p$ilent\appdata\roaming\skype\my skype received files\razor\good\DrawingHelper.h(68): warning C4244: '=': conversion from 'int' to 'float', possible loss of data
c:\users\p$ilent\appdata\roaming\skype\my skype received files\razor\good\DrawingHelper.h(86): warning C4244: 'argument': conversion from 'float' to 'byte', possible loss of data
c:\users\p$ilent\appdata\roaming\skype\my skype received files\razor\good\ColorFromHSB.h(15): warning C4244: '=': conversion from 'float' to 'byte', possible loss of data
c:\users\p$ilent\appdata\roaming\skype\my skype received files\razor\good\ColorFromHSB.h(16): warning C4244: '=': conversion from 'float' to 'byte', possible loss of data
c:\users\p$ilent\appdata\roaming\skype\my skype received files\razor\good\ColorFromHSB.h(17): warning C4244: '=': conversion from 'float' to 'byte', possible loss of data
c:\users\p$ilent\appdata\roaming\skype\my skype received files\razor\good\ColorFromHSB.h(21): warning C4244: '=': conversion from 'float' to 'byte', possible loss of data
c:\users\p$ilent\appdata\roaming\skype\my skype received files\razor\good\ColorFromHSB.h(22): warning C4244: '=': conversion from 'float' to 'byte', possible loss of data
c:\users\p$ilent\appdata\roaming\skype\my skype received files\razor\good\ColorFromHSB.h(23): warning C4244: '=': conversion from 'float' to 'byte', possible loss of data
c:\users\p$ilent\appdata\roaming\skype\my skype received files\razor\good\ColorFromHSB.h(27): warning C4244: '=': conversion from 'float' to 'byte', possible loss of data
c:\users\p$ilent\appdata\roaming\skype\my skype received files\razor\good\ColorFromHSB.h(28): warning C4244: '=': conversion from 'float' to 'byte', possible loss of data
c:\users\p$ilent\appdata\roaming\skype\my skype received files\razor\good\ColorFromHSB.h(29): warning C4244: '=': conversion from 'float' to 'byte', possible loss of data
c:\users\p$ilent\appdata\roaming\skype\my skype received files\razor\good\ColorFromHSB.h(33): warning C4244: '=': conversion from 'float' to 'byte', possible loss of data
c:\users\p$ilent\appdata\roaming\skype\my skype received files\razor\good\ColorFromHSB.h(34): warning C4244: '=': conversion from 'float' to 'byte', possible loss of data
c:\users\p$ilent\appdata\roaming\skype\my skype received files\razor\good\ColorFromHSB.h(35): warning C4244: '=': conversion from 'float' to 'byte', possible loss of data
c:\users\p$ilent\appdata\roaming\skype\my skype received files\razor\good\ColorFromHSB.h(39): warning C4244: '=': conversion from 'float' to 'byte', possible loss of data
c:\users\p$ilent\appdata\roaming\skype\my skype received files\razor\good\ColorFromHSB.h(40): warning C4244: '=': conversion from 'float' to 'byte', possible loss of data
c:\users\p$ilent\appdata\roaming\skype\my skype received files\razor\good\ColorFromHSB.h(41): warning C4244: '=': conversion from 'float' to 'byte', possible loss of data
c:\users\p$ilent\appdata\roaming\skype\my skype received files\razor\good\ColorFromHSB.h(45): warning C4244: '=': conversion from 'float' to 'byte', possible loss of data
c:\users\p$ilent\appdata\roaming\skype\my skype received files\razor\good\ColorFromHSB.h(46): warning C4244: '=': conversion from 'float' to 'byte', possible loss of data
c:\users\p$ilent\appdata\roaming\skype\my skype received files\razor\good\ColorFromHSB.h(47): warning C4244: '=': conversion from 'float' to 'byte', possible loss of data
c:\users\p$ilent\appdata\roaming\skype\my skype received files\razor\good\ESP.h(88): warning C4244: 'argument': conversion from 'double' to 'int', possible loss of data
c:\users\p$ilent\appdata\roaming\skype\my skype received files\razor\good\ESP.h(109): warning C4244: '=': conversion from 'float' to 'int', possible loss of data
c:\users\p$ilent\appdata\roaming\skype\my skype received files\razor\good\ESP.h(110): warning C4244: '=': conversion from 'double' to 'int', possible loss of data
c:\users\p$ilent\appdata\roaming\skype\my skype received files\razor\good\ESP.h(114): warning C4244: 'argument': conversion from 'float' to 'int', possible loss of data
c:\users\p$ilent\appdata\roaming\skype\my skype received files\razor\good\ESP.h(116): warning C4244: 'argument': conversion from 'float' to 'int', possible loss of data
c:\users\p$ilent\appdata\roaming\skype\my skype received files\razor\good\ESP.h(120): warning C4244: 'argument': conversion from 'float' to 'int', possible loss of data
c:\users\p$ilent\appdata\roaming\skype\my skype received files\razor\good\ESP.h(122): warning C4244: 'argument': conversion from 'float' to 'int', possible loss of data
c:\users\p$ilent\appdata\roaming\skype\my skype received files\razor\good\ESP.h(126): warning C4244: '=': conversion from 'float' to 'int', possible loss of data
c:\users\p$ilent\appdata\roaming\skype\my skype received files\razor\good\ESP.h(127): warning C4244: '=': conversion from 'float' to 'int', possible loss of data
c:\users\p$ilent\appdata\roaming\skype\my skype received files\razor\good\StepMania.h(356): warning C4101: 'StartTime': unreferenced local variable
c:\users\p$ilent\appdata\roaming\skype\my skype received files\razor\good\StepMania.h(359): warning C4101: 'bDone': unreferenced local variable
c:\users\p$ilent\appdata\roaming\skype\my skype received files\razor\good\StepMania.h(358): warning C4101: 'pText': unreferenced local variable
c:\users\p$ilent\appdata\roaming\skype\my skype received files\razor\good\StepMania.h(357): warning C4101: 'EndTime': unreferenced local variable
c:\users\p$ilent\appdata\roaming\skype\my skype received files\razor\good\MenuDrawing.h(3): warning C4244: 'initializing': conversion from 'float' to 'int', possible loss of data
c:\users\p$ilent\appdata\roaming\skype\my skype received files\razor\good\Menu.h(305): warning C4244: '=': conversion from 'float' to 'int', possible loss of data
c:\users\p$ilent\appdata\roaming\skype\my skype received files\razor\good\Menu.h(308): warning C4244: '=': conversion from 'float' to 'int', possible loss of data
c:\users\p$ilent\appdata\roaming\skype\my skype received files\razor\good\Menu.h(421): warning C4244: 'initializing': conversion from 'float' to 'int', possible loss of data
c:\users\p$ilent\appdata\roaming\skype\my skype received files\razor\good\Menu.h(439): warning C4244: 'argument': conversion from 'int' to 'float', possible loss of data
c:\users\p$ilent\appdata\roaming\skype\my skype received files\razor\good\Menu.h(440): warning C4244: 'argument': conversion from 'int' to 'float', possible loss of data
c:\users\p$ilent\appdata\roaming\skype\my skype received files\razor\good\Menu.h(441): warning C4244: 'argument': conversion from 'int' to 'float', possible loss of data
c:\users\p$ilent\appdata\roaming\skype\my skype received files\razor\good\Menu.h(442): warning C4244: 'argument': conversion from 'int' to 'float', possible loss of data
c:\users\p$ilent\appdata\roaming\skype\my skype received files\razor\good\Menu.h(551): warning C4018: '<': signed/unsigned mismatch
c:\users\p$ilent\appdata\roaming\skype\my skype received files\razor\good\Menu.h(577): warning C4018: '<': signed/unsigned mismatch
c:\users\p$ilent\appdata\roaming\skype\my skype received files\razor\good\Menu.h(637): warning C4018: '<': signed/unsigned mismatch
c:\users\p$ilent\appdata\roaming\skype\my skype received files\razor\good\Menu.h(656): warning C4018: '<': signed/unsigned mismatch
c:\users\p$ilent\appdata\roaming\skype\my skype received files\razor\good\Menu.h(687): warning C4018: '<': signed/unsigned mismatch
c:\users\p$ilent\appdata\roaming\skype\my skype received files\razor\good\Menu.h(708): warning C4018: '<': signed/unsigned mismatch
c:\users\p$ilent\appdata\roaming\skype\my skype received files\razor\good\Menu.h(1311): warning C4800: 'SHORT': forcing value to bool 'true' or 'false' (performance warning)
c:\users\p$ilent\appdata\roaming\skype\my skype received files\razor\good\Menu.h(1574): warning C4244: 'argument': conversion from 'float' to 'int', possible loss of data
c:\users\p$ilent\appdata\roaming\skype\my skype received files\razor\good\Menu.h(1580): warning C4244: 'argument': conversion from 'int' to 'float', possible loss of data
c:\users\p$ilent\appdata\roaming\skype\my skype received files\razor\good\Menu.h(1581): warning C4244: 'argument': conversion from 'int' to 'float', possible loss of data
c:\users\p$ilent\appdata\roaming\skype\my skype received files\razor\good\Menu.h(1582): warning C4244: 'argument': conversion from 'int' to 'float', possible loss of data
c:\users\p$ilent\appdata\roaming\skype\my skype received files\razor\good\Menu.h(1583): warning C4244: 'argument': conversion from 'int' to 'float', possible loss of data
c:\users\p$ilent\appdata\roaming\skype\my skype received files\razor\good\Menu.h(1587): warning C4244: 'argument': conversion from 'float' to 'int', possible loss of data
c:\users\p$ilent\appdata\roaming\skype\my skype received files\razor\good\Menu.h(1588): warning C4244: 'argument': conversion from 'float' to 'int', possible loss of data
c:\users\p$ilent\appdata\roaming\skype\my skype received files\razor\good\Menu.h(1589): warning C4244: 'argument': conversion from 'float' to 'int', possible loss of data
c:\users\p$ilent\appdata\roaming\skype\my skype received files\razor\good\Menu.h(1598): warning C4244: 'argument': conversion from 'float' to 'int', possible loss of data
c:\users\p$ilent\appdata\roaming\skype\my skype received files\razor\good\Menu.h(1599): warning C4244: 'argument': conversion from 'float' to 'int', possible loss of data
c:\users\p$ilent\appdata\roaming\skype\my skype received files\razor\good\Menu.h(1603): warning C4244: 'argument': conversion from 'float' to 'int', possible loss of data
c:\users\p$ilent\appdata\roaming\skype\my skype received files\razor\good\Menu.h(1607): warning C4244: 'argument': conversion from 'float' to 'int', possible loss of data
c:\users\p$ilent\appdata\roaming\skype\my skype received files\razor\good\Menu.h(1610): warning C4244: 'argument': conversion from 'float' to 'int', possible loss of data
c:\users\p$ilent\appdata\roaming\skype\my skype received files\razor\good\Menu.h(1612): warning C4244: 'argument': conversion from 'float' to 'int', possible loss of data
c:\users\p$ilent\appdata\roaming\skype\my skype received files\razor\good\Menu.h(1614): warning C4244: 'argument': conversion from 'float' to 'int', possible loss of data
c:\users\p$ilent\appdata\roaming\skype\my skype received files\razor\good\Menu.h(1617): warning C4244: 'argument': conversion from 'float' to 'int', possible loss of data
c:\users\p$ilent\appdata\roaming\skype\my skype received files\razor\good\Menu.h(1619): warning C4244: 'argument': conversion from 'float' to 'int', possible loss of data
good.cpp(54): warning C4244: 'argument': conversion from 'time_t' to 'unsigned int', possible loss of data
LINK : fatal error LNK1104: cannot open file 'C:\Users\p$ilent\AppData\Roaming\Skype\My Skype Received Files\razor\good\Release\memes.dll'
