  good.cpp
c:\users\alex\desktop\razor\good\angleandvectorfunctions.h(97): warning C4244: '=': conversion from 'double' to 'float', possible loss of data
c:\users\alex\desktop\razor\good\angleandvectorfunctions.h(98): warning C4244: '=': conversion from 'double' to 'float', possible loss of data
c:\users\alex\desktop\razor\good\angleandvectorfunctions.h(122): warning C4244: '=': conversion from 'double' to 'float', possible loss of data
c:\users\alex\desktop\razor\good\angleandvectorfunctions.h(123): warning C4244: '=': conversion from 'double' to 'float', possible loss of data
c:\users\alex\desktop\razor\good\angleandvectorfunctions.h(124): warning C4244: '=': conversion from 'double' to 'float', possible loss of data
c:\users\alex\desktop\razor\good\angleandvectorfunctions.h(129): warning C4244: '=': conversion from 'double' to 'float', possible loss of data
c:\users\alex\desktop\razor\good\angleandvectorfunctions.h(130): warning C4244: '=': conversion from 'double' to 'float', possible loss of data
c:\users\alex\desktop\razor\good\angleandvectorfunctions.h(131): warning C4244: '=': conversion from 'double' to 'float', possible loss of data
c:\users\alex\desktop\razor\good\angleandvectorfunctions.h(136): warning C4244: '=': conversion from 'double' to 'float', possible loss of data
c:\users\alex\desktop\razor\good\angleandvectorfunctions.h(137): warning C4244: '=': conversion from 'double' to 'float', possible loss of data
c:\users\alex\desktop\razor\good\angleandvectorfunctions.h(138): warning C4244: '=': conversion from 'double' to 'float', possible loss of data
c:\users\alex\desktop\razor\good\angleandvectorfunctions.h(154): warning C4244: '=': conversion from 'double' to 'float', possible loss of data
c:\users\alex\desktop\razor\good\angleandvectorfunctions.h(159): warning C4244: '=': conversion from 'double' to 'float', possible loss of data
c:\users\alex\desktop\razor\good\angleandvectorfunctions.h(178): warning C4244: '=': conversion from 'double' to 'float', possible loss of data
c:\users\alex\desktop\razor\good\angleandvectorfunctions.h(181): warning C4244: '=': conversion from 'double' to 'float', possible loss of data
c:\users\alex\desktop\razor\good\bunnyhop.h(104): warning C4551: function call missing argument list
c:\users\alex\desktop\razor\good\aimbot.h(146): warning C4800: 'int': forcing value to bool 'true' or 'false' (performance warning)
c:\users\alex\desktop\razor\good\aimbot.h(161): warning C4800: 'int': forcing value to bool 'true' or 'false' (performance warning)
c:\users\alex\desktop\razor\good\aimbot.h(168): warning C4800: 'int': forcing value to bool 'true' or 'false' (performance warning)
c:\users\alex\desktop\razor\good\aimbot.h(191): warning C4800: 'int': forcing value to bool 'true' or 'false' (performance warning)
c:\users\alex\desktop\razor\good\aimbot.h(193): warning C4800: 'int': forcing value to bool 'true' or 'false' (performance warning)
c:\users\alex\desktop\razor\good\createmove.h(82): warning C4035: 'hkCreateMove': no return value
c:\users\alex\desktop\razor\good\createmove.h(87): warning C4800: 'byte': forcing value to bool 'true' or 'false' (performance warning)
c:\users\alex\desktop\razor\good\drawinghelper.h(65): warning C4244: '=': conversion from 'int' to 'float', possible loss of data
c:\users\alex\desktop\razor\good\drawinghelper.h(66): warning C4244: '=': conversion from 'int' to 'float', possible loss of data
c:\users\alex\desktop\razor\good\drawinghelper.h(67): warning C4244: '=': conversion from 'int' to 'float', possible loss of data
c:\users\alex\desktop\razor\good\drawinghelper.h(68): warning C4244: '=': conversion from 'int' to 'float', possible loss of data
c:\users\alex\desktop\razor\good\drawinghelper.h(86): warning C4244: 'argument': conversion from 'float' to 'byte', possible loss of data
c:\users\alex\desktop\razor\good\colorfromhsb.h(15): warning C4244: '=': conversion from 'float' to 'byte', possible loss of data
c:\users\alex\desktop\razor\good\colorfromhsb.h(16): warning C4244: '=': conversion from 'float' to 'byte', possible loss of data
c:\users\alex\desktop\razor\good\colorfromhsb.h(17): warning C4244: '=': conversion from 'float' to 'byte', possible loss of data
c:\users\alex\desktop\razor\good\colorfromhsb.h(21): warning C4244: '=': conversion from 'float' to 'byte', possible loss of data
c:\users\alex\desktop\razor\good\colorfromhsb.h(22): warning C4244: '=': conversion from 'float' to 'byte', possible loss of data
c:\users\alex\desktop\razor\good\colorfromhsb.h(23): warning C4244: '=': conversion from 'float' to 'byte', possible loss of data
c:\users\alex\desktop\razor\good\colorfromhsb.h(27): warning C4244: '=': conversion from 'float' to 'byte', possible loss of data
c:\users\alex\desktop\razor\good\colorfromhsb.h(28): warning C4244: '=': conversion from 'float' to 'byte', possible loss of data
c:\users\alex\desktop\razor\good\colorfromhsb.h(29): warning C4244: '=': conversion from 'float' to 'byte', possible loss of data
c:\users\alex\desktop\razor\good\colorfromhsb.h(33): warning C4244: '=': conversion from 'float' to 'byte', possible loss of data
c:\users\alex\desktop\razor\good\colorfromhsb.h(34): warning C4244: '=': conversion from 'float' to 'byte', possible loss of data
c:\users\alex\desktop\razor\good\colorfromhsb.h(35): warning C4244: '=': conversion from 'float' to 'byte', possible loss of data
c:\users\alex\desktop\razor\good\colorfromhsb.h(39): warning C4244: '=': conversion from 'float' to 'byte', possible loss of data
c:\users\alex\desktop\razor\good\colorfromhsb.h(40): warning C4244: '=': conversion from 'float' to 'byte', possible loss of data
c:\users\alex\desktop\razor\good\colorfromhsb.h(41): warning C4244: '=': conversion from 'float' to 'byte', possible loss of data
c:\users\alex\desktop\razor\good\colorfromhsb.h(45): warning C4244: '=': conversion from 'float' to 'byte', possible loss of data
c:\users\alex\desktop\razor\good\colorfromhsb.h(46): warning C4244: '=': conversion from 'float' to 'byte', possible loss of data
c:\users\alex\desktop\razor\good\colorfromhsb.h(47): warning C4244: '=': conversion from 'float' to 'byte', possible loss of data
c:\users\alex\desktop\razor\good\esp.h(89): warning C4244: 'argument': conversion from 'double' to 'int', possible loss of data
c:\users\alex\desktop\razor\good\esp.h(110): warning C4244: '=': conversion from 'float' to 'int', possible loss of data
c:\users\alex\desktop\razor\good\esp.h(111): warning C4244: '=': conversion from 'double' to 'int', possible loss of data
c:\users\alex\desktop\razor\good\esp.h(115): warning C4244: 'argument': conversion from 'float' to 'int', possible loss of data
c:\users\alex\desktop\razor\good\esp.h(117): warning C4244: 'argument': conversion from 'float' to 'int', possible loss of data
c:\users\alex\desktop\razor\good\esp.h(121): warning C4244: 'argument': conversion from 'float' to 'int', possible loss of data
c:\users\alex\desktop\razor\good\esp.h(123): warning C4244: 'argument': conversion from 'float' to 'int', possible loss of data
c:\users\alex\desktop\razor\good\esp.h(127): warning C4244: '=': conversion from 'float' to 'int', possible loss of data
c:\users\alex\desktop\razor\good\esp.h(128): warning C4244: '=': conversion from 'float' to 'int', possible loss of data
c:\users\alex\desktop\razor\good\stepmania.h(356): warning C4101: 'StartTime': unreferenced local variable
c:\users\alex\desktop\razor\good\stepmania.h(359): warning C4101: 'bDone': unreferenced local variable
c:\users\alex\desktop\razor\good\stepmania.h(358): warning C4101: 'pText': unreferenced local variable
c:\users\alex\desktop\razor\good\stepmania.h(357): warning C4101: 'EndTime': unreferenced local variable
c:\users\alex\desktop\razor\good\menudrawing.h(3): warning C4244: 'initializing': conversion from 'float' to 'int', possible loss of data
c:\users\alex\desktop\razor\good\menu.h(304): warning C4244: '=': conversion from 'float' to 'int', possible loss of data
c:\users\alex\desktop\razor\good\menu.h(307): warning C4244: '=': conversion from 'float' to 'int', possible loss of data
c:\users\alex\desktop\razor\good\menu.h(420): warning C4244: 'initializing': conversion from 'float' to 'int', possible loss of data
c:\users\alex\desktop\razor\good\menu.h(438): warning C4244: 'argument': conversion from 'int' to 'float', possible loss of data
c:\users\alex\desktop\razor\good\menu.h(439): warning C4244: 'argument': conversion from 'int' to 'float', possible loss of data
c:\users\alex\desktop\razor\good\menu.h(440): warning C4244: 'argument': conversion from 'int' to 'float', possible loss of data
c:\users\alex\desktop\razor\good\menu.h(441): warning C4244: 'argument': conversion from 'int' to 'float', possible loss of data
c:\users\alex\desktop\razor\good\menu.h(550): warning C4018: '<': signed/unsigned mismatch
c:\users\alex\desktop\razor\good\menu.h(576): warning C4018: '<': signed/unsigned mismatch
c:\users\alex\desktop\razor\good\menu.h(636): warning C4018: '<': signed/unsigned mismatch
c:\users\alex\desktop\razor\good\menu.h(655): warning C4018: '<': signed/unsigned mismatch
c:\users\alex\desktop\razor\good\menu.h(686): warning C4018: '<': signed/unsigned mismatch
c:\users\alex\desktop\razor\good\menu.h(707): warning C4018: '<': signed/unsigned mismatch
c:\users\alex\desktop\razor\good\menu.h(1310): warning C4800: 'SHORT': forcing value to bool 'true' or 'false' (performance warning)
c:\users\alex\desktop\razor\good\menu.h(1570): warning C4244: 'argument': conversion from 'float' to 'int', possible loss of data
c:\users\alex\desktop\razor\good\menu.h(1576): warning C4244: 'argument': conversion from 'int' to 'float', possible loss of data
c:\users\alex\desktop\razor\good\menu.h(1577): warning C4244: 'argument': conversion from 'int' to 'float', possible loss of data
c:\users\alex\desktop\razor\good\menu.h(1578): warning C4244: 'argument': conversion from 'int' to 'float', possible loss of data
c:\users\alex\desktop\razor\good\menu.h(1579): warning C4244: 'argument': conversion from 'int' to 'float', possible loss of data
c:\users\alex\desktop\razor\good\menu.h(1583): warning C4244: 'argument': conversion from 'float' to 'int', possible loss of data
c:\users\alex\desktop\razor\good\menu.h(1584): warning C4244: 'argument': conversion from 'float' to 'int', possible loss of data
c:\users\alex\desktop\razor\good\menu.h(1585): warning C4244: 'argument': conversion from 'float' to 'int', possible loss of data
c:\users\alex\desktop\razor\good\menu.h(1593): warning C4244: 'argument': conversion from 'float' to 'int', possible loss of data
c:\users\alex\desktop\razor\good\menu.h(1594): warning C4244: 'argument': conversion from 'float' to 'int', possible loss of data
c:\users\alex\desktop\razor\good\menu.h(1598): warning C4244: 'argument': conversion from 'float' to 'int', possible loss of data
c:\users\alex\desktop\razor\good\menu.h(1601): warning C4244: 'argument': conversion from 'float' to 'int', possible loss of data
c:\users\alex\desktop\razor\good\menu.h(1604): warning C4244: 'argument': conversion from 'float' to 'int', possible loss of data
c:\users\alex\desktop\razor\good\menu.h(1606): warning C4244: 'argument': conversion from 'float' to 'int', possible loss of data
c:\users\alex\desktop\razor\good\menu.h(1608): warning C4244: 'argument': conversion from 'float' to 'int', possible loss of data
c:\users\alex\desktop\razor\good\menu.h(1611): warning C4244: 'argument': conversion from 'float' to 'int', possible loss of data
c:\users\alex\desktop\razor\good\menu.h(1613): warning C4244: 'argument': conversion from 'float' to 'int', possible loss of data
c:\users\alex\desktop\razor\good\good.cpp(54): warning C4244: 'argument': conversion from 'time_t' to 'unsigned int', possible loss of data
good.obj : error LNK2019: unresolved external symbol __imp__PlaySoundA@12 referenced in function "void __cdecl Stepmania::DrawOverlay(void)" (?DrawOverlay@Stepmania@@YAXXZ)
C:\Users\Alex\Desktop\razor\good\Debug\good.dll : fatal error LNK1120: 1 unresolved externals
